<?xml version="1.0" encoding="UTF-8"?>
<testsuite name="RnaTranscriptionTest" tests="6" skipped="5" failures="0" errors="0" timestamp="2024-04-13T17:06:23" hostname="LAPTOP-TVGFOB3B" time="0.161">
  <properties/>
  <testcase name="testRnaTranscriptionOfThymineIsAdenine()" classname="RnaTranscriptionTest" time="0.002">
    <skipped/>
  </testcase>
  <testcase name="testRnaTranscription()" classname="RnaTranscriptionTest" time="0.001">
    <skipped/>
  </testcase>
  <testcase name="testRnaTranscriptionOfCytosineIsGuanine()" classname="RnaTranscriptionTest" time="0.0">
    <skipped/>
  </testcase>
  <testcase name="testEmptyRnaSequence()" classname="RnaTranscriptionTest" time="0.145"/>
  <testcase name="testRnaTranscriptionOfGuanineIsCytosine()" classname="RnaTranscriptionTest" time="0.0">
    <skipped/>
  </testcase>
  <testcase name="testRnaTranscriptionOfAdenineIsUracil()" classname="RnaTranscriptionTest" time="0.001">
    <skipped/>
  </testcase>
  <system-out><![CDATA[]]></system-out>
  <system-err><![CDATA[]]></system-err>
</testsuite>
