<?xml version="1.0" encoding="UTF-8"?>
<testsuite name="SimpleLinkedListTest" tests="7" skipped="6" failures="0" errors="0" timestamp="2024-04-14T11:58:16" hostname="LAPTOP-TVGFOB3B" time="0.151">
  <properties/>
  <testcase name="canReturnListAsArray()" classname="SimpleLinkedListTest" time="0.002">
    <skipped/>
  </testcase>
  <testcase name="reverseReversesList()" classname="SimpleLinkedListTest" time="0.0">
    <skipped/>
  </testcase>
  <testcase name="canCreateFromArray()" classname="SimpleLinkedListTest" time="0.001">
    <skipped/>
  </testcase>
  <testcase name="canReturnEmptyListAsEmptyArray()" classname="SimpleLinkedListTest" time="0.001">
    <skipped/>
  </testcase>
  <testcase name="popOnEmptyListWillThrow()" classname="SimpleLinkedListTest" time="0.0">
    <skipped/>
  </testcase>
  <testcase name="popReturnsLastAddedElement()" classname="SimpleLinkedListTest" time="0.0">
    <skipped/>
  </testcase>
  <testcase name="aNewListIsEmpty()" classname="SimpleLinkedListTest" time="0.135"/>
  <system-out><![CDATA[]]></system-out>
  <system-err><![CDATA[]]></system-err>
</testsuite>
